<?xml version="1.0" encoding="utf-8"?><testsuites><testsuite name="pytest" errors="0" failures="0" skipped="0" tests="3" time="0.016" timestamp="2023-04-20T16:16:35.624418" hostname="MacBook-Air"><testcase classname="tests.multiplication_test" name="test_multiplication[1-11]" time="0.001" /><testcase classname="tests.multiplication_test" name="test_multiplication[2-22]" time="0.000" /><testcase classname="tests.multiplication_test" name="test_multiplication[3-33]" time="0.000" /></testsuite></testsuites>